This file contains any messages produced by compilers while
running configure, to aid debugging if configure makes a mistake.

It was created by sqlite configure 3.7.15.2, which was
generated by GNU Autoconf 2.68.  Invocation command line was

  $ ./configure 

## --------- ##
## Platform. ##
## --------- ##

hostname = Esperancita-PC
uname -m = i686
uname -r = 1.7.17(0.262/5/3)
uname -s = CYGWIN_NT-6.1-WOW64
uname -v = 2012-10-19 14:39

/usr/bin/uname -p = unknown
/bin/uname -X     = unknown

/bin/arch              = i686
/usr/bin/arch -k       = unknown
/usr/convex/getsysinfo = unknown
/usr/bin/hostinfo      = unknown
/bin/machine           = unknown
/usr/bin/oslevel       = unknown
/bin/universe          = unknown

PATH: /usr/local/bin
PATH: /usr/bin
PATH: /usr/bin
PATH: /cygdrive/c/Program Files/Common Files/Microsoft Shared/Windows Live
PATH: /cygdrive/c/Program Files (x86)/Common Files/Microsoft Shared/Windows Live
PATH: /cygdrive/c/Windows/system32
PATH: /cygdrive/c/Windows
PATH: /cygdrive/c/Windows/System32/Wbem
PATH: /cygdrive/c/Windows/System32/WindowsPowerShell/v1.0
PATH: /cygdrive/c/Program Files (x86)/Windows Live/Shared
PATH: /usr/lib/lapack


## ----------- ##
## Core tests. ##
## ----------- ##

configure:2635: checking for a BSD-compatible install
configure:2703: result: /usr/bin/install -c
configure:2714: checking whether build environment is sane
configure:2751: result: yes
configure:2813: checking for gawk
configure:2829: found /usr/bin/gawk
configure:2840: result: gawk
configure:2851: checking whether make sets $(MAKE)
configure:2873: result: yes
configure:3064: checking for style of include used by make
configure:3092: result: GNU
configure:3165: checking for gcc
configure:3181: found /usr/bin/gcc
configure:3192: result: gcc
configure:3421: checking for C compiler version
configure:3430: gcc --version >&5
gcc (GCC) 4.5.3
Copyright (C) 2010 Free Software Foundation, Inc.
This is free software; see the source for copying conditions.  There is NO
warranty; not even for MERCHANTABILITY or FITNESS FOR A PARTICULAR PURPOSE.

configure:3441: $? = 0
configure:3430: gcc -v >&5
Using built-in specs.
COLLECT_GCC=gcc
COLLECT_LTO_WRAPPER=/usr/lib/gcc/i686-pc-cygwin/4.5.3/lto-wrapper.exe
Target: i686-pc-cygwin
Configured with: /gnu/gcc/releases/respins/4.5.3-3/gcc4-4.5.3-3/src/gcc-4.5.3/configure --srcdir=/gnu/gcc/releases/respins/4.5.3-3/gcc4-4.5.3-3/src/gcc-4.5.3 --prefix=/usr --exec-prefix=/usr --bindir=/usr/bin --sbindir=/usr/sbin --libexecdir=/usr/lib --datadir=/usr/share --localstatedir=/var --sysconfdir=/etc --datarootdir=/usr/share --docdir=/usr/share/doc/gcc4 -C --datadir=/usr/share --infodir=/usr/share/info --mandir=/usr/share/man -v --with-gmp=/usr --with-mpfr=/usr --enable-bootstrap --enable-version-specific-runtime-libs --libexecdir=/usr/lib --enable-static --enable-shared --enable-shared-libgcc --disable-__cxa_atexit --with-gnu-ld --with-gnu-as --with-dwarf2 --disable-sjlj-exceptions --enable-languages=ada,c,c++,fortran,java,lto,objc,obj-c++ --enable-graphite --enable-lto --enable-java-awt=gtk --disable-symvers --enable-libjava --program-suffix=-4 --enable-libgomp --enable-libssp --enable-libada --enable-threads=posix --with-arch=i686 --with-tune=generic --enable-libgcj-sublibs CC=gcc-4 CXX=g++-4 CC_FOR_TARGET=gcc-4 CXX_FOR_TARGET=g++-4 GNATMAKE_FOR_TARGET=gnatmake GNATBIND_FOR_TARGET=gnatbind --with-ecj-jar=/usr/share/java/ecj.jar
Thread model: posix
gcc version 4.5.3 (GCC) 
configure:3441: $? = 0
configure:3430: gcc -V >&5
gcc: '-V' option must have argument
configure:3441: $? = 1
configure:3430: gcc -qversion >&5
gcc: unrecognized option '-qversion'
gcc: no input files
configure:3441: $? = 1
configure:3461: checking whether the C compiler works
configure:3483: gcc    conftest.c  >&5
configure:3487: $? = 0
configure:3535: result: yes
configure:3538: checking for C compiler default output file name
configure:3540: result: a.exe
configure:3546: checking for suffix of executables
configure:3553: gcc -o conftest.exe    conftest.c  >&5
configure:3557: $? = 0
configure:3579: result: .exe
configure:3601: checking whether we are cross compiling
configure:3609: gcc -o conftest.exe    conftest.c  >&5
configure:3613: $? = 0
configure:3620: ./conftest.exe
configure:3624: $? = 0
configure:3639: result: no
configure:3644: checking for suffix of object files
configure:3666: gcc -c   conftest.c >&5
configure:3670: $? = 0
configure:3691: result: o
configure:3695: checking whether we are using the GNU C compiler
configure:3714: gcc -c   conftest.c >&5
configure:3714: $? = 0
configure:3723: result: yes
configure:3732: checking whether gcc accepts -g
configure:3752: gcc -c -g  conftest.c >&5
configure:3752: $? = 0
configure:3793: result: yes
configure:3810: checking for gcc option to accept ISO C89
configure:3874: gcc  -c -g -O2  conftest.c >&5
configure:3874: $? = 0
configure:3887: result: none needed
configure:3909: checking dependency style of gcc
configure:3999: result: gcc3
configure:4024: checking for special C compiler options needed for large files
configure:4069: result: no
configure:4075: checking for _FILE_OFFSET_BITS value needed for large files
configure:4100: gcc -c -g -O2  conftest.c >&5
configure:4100: $? = 0
configure:4132: result: no
configure:4265: checking for gcc
configure:4292: result: gcc
configure:4521: checking for C compiler version
configure:4530: gcc --version >&5
gcc (GCC) 4.5.3
Copyright (C) 2010 Free Software Foundation, Inc.
This is free software; see the source for copying conditions.  There is NO
warranty; not even for MERCHANTABILITY or FITNESS FOR A PARTICULAR PURPOSE.

configure:4541: $? = 0
configure:4530: gcc -v >&5
Using built-in specs.
COLLECT_GCC=gcc
COLLECT_LTO_WRAPPER=/usr/lib/gcc/i686-pc-cygwin/4.5.3/lto-wrapper.exe
Target: i686-pc-cygwin
Configured with: /gnu/gcc/releases/respins/4.5.3-3/gcc4-4.5.3-3/src/gcc-4.5.3/configure --srcdir=/gnu/gcc/releases/respins/4.5.3-3/gcc4-4.5.3-3/src/gcc-4.5.3 --prefix=/usr --exec-prefix=/usr --bindir=/usr/bin --sbindir=/usr/sbin --libexecdir=/usr/lib --datadir=/usr/share --localstatedir=/var --sysconfdir=/etc --datarootdir=/usr/share --docdir=/usr/share/doc/gcc4 -C --datadir=/usr/share --infodir=/usr/share/info --mandir=/usr/share/man -v --with-gmp=/usr --with-mpfr=/usr --enable-bootstrap --enable-version-specific-runtime-libs --libexecdir=/usr/lib --enable-static --enable-shared --enable-shared-libgcc --disable-__cxa_atexit --with-gnu-ld --with-gnu-as --with-dwarf2 --disable-sjlj-exceptions --enable-languages=ada,c,c++,fortran,java,lto,objc,obj-c++ --enable-graphite --enable-lto --enable-java-awt=gtk --disable-symvers --enable-libjava --program-suffix=-4 --enable-libgomp --enable-libssp --enable-libada --enable-threads=posix --with-arch=i686 --with-tune=generic --enable-libgcj-sublibs CC=gcc-4 CXX=g++-4 CC_FOR_TARGET=gcc-4 CXX_FOR_TARGET=g++-4 GNATMAKE_FOR_TARGET=gnatmake GNATBIND_FOR_TARGET=gnatbind --with-ecj-jar=/usr/share/java/ecj.jar
Thread model: posix
gcc version 4.5.3 (GCC) 
configure:4541: $? = 0
configure:4530: gcc -V >&5
gcc: '-V' option must have argument
configure:4541: $? = 1
configure:4530: gcc -qversion >&5
gcc: unrecognized option '-qversion'
gcc: no input files
configure:4541: $? = 1
configure:4545: checking whether we are using the GNU C compiler
configure:4573: result: yes
configure:4582: checking whether gcc accepts -g
configure:4643: result: yes
configure:4660: checking for gcc option to accept ISO C89
configure:4737: result: none needed
configure:4759: checking dependency style of gcc
configure:4849: result: gcc3
configure:4909: checking for ranlib
configure:4925: found /usr/bin/ranlib
configure:4936: result: ranlib
configure:5034: checking build system type
configure:5048: result: i686-pc-cygwin
configure:5068: checking host system type
configure:5081: result: i686-pc-cygwin
configure:5101: checking for a sed that does not truncate output
configure:5155: result: /usr/bin/sed
configure:5158: checking for grep that handles long lines and -e
configure:5216: result: /usr/bin/grep
configure:5221: checking for egrep
configure:5283: result: /usr/bin/grep -E
configure:5299: checking for ld used by gcc
configure:5366: result: /usr/i686-pc-cygwin/bin/ld.exe
configure:5373: checking if the linker (/usr/i686-pc-cygwin/bin/ld.exe) is GNU ld
configure:5388: result: yes
configure:5393: checking for /usr/i686-pc-cygwin/bin/ld.exe option to reload object files
configure:5400: result: -r
configure:5418: checking for BSD-compatible nm
configure:5467: result: /usr/bin/nm -B
configure:5471: checking whether ln -s works
configure:5475: result: yes
configure:5482: checking how to recognise dependent libraries
configure:5658: result: file_magic ^x86 archive import|^x86 DLL
configure:5866: checking how to run the C preprocessor
configure:5897: gcc -E  conftest.c
configure:5897: $? = 0
configure:5911: gcc -E  conftest.c
conftest.c:11:28: fatal error: ac_nonexistent.h: No such file or directory
compilation terminated.
configure:5911: $? = 1
configure: failed program was:
| /* confdefs.h */
| #define PACKAGE_NAME "sqlite"
| #define PACKAGE_TARNAME "sqlite"
| #define PACKAGE_VERSION "3.7.15.2"
| #define PACKAGE_STRING "sqlite 3.7.15.2"
| #define PACKAGE_BUGREPORT "http://www.sqlite.org"
| #define PACKAGE_URL ""
| #define PACKAGE "sqlite"
| #define VERSION "3.7.15.2"
| /* end confdefs.h.  */
| #include <ac_nonexistent.h>
configure:5936: result: gcc -E
configure:5956: gcc -E  conftest.c
configure:5956: $? = 0
configure:5970: gcc -E  conftest.c
conftest.c:11:28: fatal error: ac_nonexistent.h: No such file or directory
compilation terminated.
configure:5970: $? = 1
configure: failed program was:
| /* confdefs.h */
| #define PACKAGE_NAME "sqlite"
| #define PACKAGE_TARNAME "sqlite"
| #define PACKAGE_VERSION "3.7.15.2"
| #define PACKAGE_STRING "sqlite 3.7.15.2"
| #define PACKAGE_BUGREPORT "http://www.sqlite.org"
| #define PACKAGE_URL ""
| #define PACKAGE "sqlite"
| #define VERSION "3.7.15.2"
| /* end confdefs.h.  */
| #include <ac_nonexistent.h>
configure:5999: checking for ANSI C header files
configure:6019: gcc -c -g -O2  conftest.c >&5
configure:6019: $? = 0
configure:6092: gcc -o conftest.exe -g -O2   conftest.c  >&5
configure:6092: $? = 0
configure:6092: ./conftest.exe
configure:6092: $? = 0
configure:6103: result: yes
configure:6116: checking for sys/types.h
configure:6116: gcc -c -g -O2  conftest.c >&5
configure:6116: $? = 0
configure:6116: result: yes
configure:6116: checking for sys/stat.h
configure:6116: gcc -c -g -O2  conftest.c >&5
configure:6116: $? = 0
configure:6116: result: yes
configure:6116: checking for stdlib.h
configure:6116: gcc -c -g -O2  conftest.c >&5
configure:6116: $? = 0
configure:6116: result: yes
configure:6116: checking for string.h
configure:6116: gcc -c -g -O2  conftest.c >&5
configure:6116: $? = 0
configure:6116: result: yes
configure:6116: checking for memory.h
configure:6116: gcc -c -g -O2  conftest.c >&5
configure:6116: $? = 0
configure:6116: result: yes
configure:6116: checking for strings.h
configure:6116: gcc -c -g -O2  conftest.c >&5
configure:6116: $? = 0
configure:6116: result: yes
configure:6116: checking for inttypes.h
configure:6116: gcc -c -g -O2  conftest.c >&5
configure:6116: $? = 0
configure:6116: result: yes
configure:6116: checking for stdint.h
configure:6116: gcc -c -g -O2  conftest.c >&5
configure:6116: $? = 0
configure:6116: result: yes
configure:6116: checking for unistd.h
configure:6116: gcc -c -g -O2  conftest.c >&5
configure:6116: $? = 0
configure:6116: result: yes
configure:6130: checking dlfcn.h usability
configure:6130: gcc -c -g -O2  conftest.c >&5
configure:6130: $? = 0
configure:6130: result: yes
configure:6130: checking dlfcn.h presence
configure:6130: gcc -E  conftest.c
configure:6130: $? = 0
configure:6130: result: yes
configure:6130: checking for dlfcn.h
configure:6130: result: yes
configure:6198: checking for g++
configure:6214: found /usr/bin/g++
configure:6225: result: g++
configure:6252: checking for C++ compiler version
configure:6261: g++ --version >&5
g++ (GCC) 4.5.3
Copyright (C) 2010 Free Software Foundation, Inc.
This is free software; see the source for copying conditions.  There is NO
warranty; not even for MERCHANTABILITY or FITNESS FOR A PARTICULAR PURPOSE.

configure:6272: $? = 0
configure:6261: g++ -v >&5
Using built-in specs.
COLLECT_GCC=g++
COLLECT_LTO_WRAPPER=/usr/lib/gcc/i686-pc-cygwin/4.5.3/lto-wrapper.exe
Target: i686-pc-cygwin
Configured with: /gnu/gcc/releases/respins/4.5.3-3/gcc4-4.5.3-3/src/gcc-4.5.3/configure --srcdir=/gnu/gcc/releases/respins/4.5.3-3/gcc4-4.5.3-3/src/gcc-4.5.3 --prefix=/usr --exec-prefix=/usr --bindir=/usr/bin --sbindir=/usr/sbin --libexecdir=/usr/lib --datadir=/usr/share --localstatedir=/var --sysconfdir=/etc --datarootdir=/usr/share --docdir=/usr/share/doc/gcc4 -C --datadir=/usr/share --infodir=/usr/share/info --mandir=/usr/share/man -v --with-gmp=/usr --with-mpfr=/usr --enable-bootstrap --enable-version-specific-runtime-libs --libexecdir=/usr/lib --enable-static --enable-shared --enable-shared-libgcc --disable-__cxa_atexit --with-gnu-ld --with-gnu-as --with-dwarf2 --disable-sjlj-exceptions --enable-languages=ada,c,c++,fortran,java,lto,objc,obj-c++ --enable-graphite --enable-lto --enable-java-awt=gtk --disable-symvers --enable-libjava --program-suffix=-4 --enable-libgomp --enable-libssp --enable-libada --enable-threads=posix --with-arch=i686 --with-tune=generic --enable-libgcj-sublibs CC=gcc-4 CXX=g++-4 CC_FOR_TARGET=gcc-4 CXX_FOR_TARGET=g++-4 GNATMAKE_FOR_TARGET=gnatmake GNATBIND_FOR_TARGET=gnatbind --with-ecj-jar=/usr/share/java/ecj.jar
Thread model: posix
gcc version 4.5.3 (GCC) 
configure:6272: $? = 0
configure:6261: g++ -V >&5
g++: '-V' option must have argument
configure:6272: $? = 1
configure:6261: g++ -qversion >&5
g++: unrecognized option '-qversion'
g++: no input files
configure:6272: $? = 1
configure:6276: checking whether we are using the GNU C++ compiler
configure:6295: g++ -c   conftest.cpp >&5
configure:6295: $? = 0
configure:6304: result: yes
configure:6313: checking whether g++ accepts -g
configure:6333: g++ -c -g  conftest.cpp >&5
configure:6333: $? = 0
configure:6374: result: yes
configure:6399: checking dependency style of g++
configure:6489: result: gcc3
configure:6516: checking how to run the C++ preprocessor
configure:6543: g++ -E  conftest.cpp
configure:6543: $? = 0
configure:6557: g++ -E  conftest.cpp
conftest.cpp:22:28: fatal error: ac_nonexistent.h: No such file or directory
compilation terminated.
configure:6557: $? = 1
configure: failed program was:
| /* confdefs.h */
| #define PACKAGE_NAME "sqlite"
| #define PACKAGE_TARNAME "sqlite"
| #define PACKAGE_VERSION "3.7.15.2"
| #define PACKAGE_STRING "sqlite 3.7.15.2"
| #define PACKAGE_BUGREPORT "http://www.sqlite.org"
| #define PACKAGE_URL ""
| #define PACKAGE "sqlite"
| #define VERSION "3.7.15.2"
| #define STDC_HEADERS 1
| #define HAVE_SYS_TYPES_H 1
| #define HAVE_SYS_STAT_H 1
| #define HAVE_STDLIB_H 1
| #define HAVE_STRING_H 1
| #define HAVE_MEMORY_H 1
| #define HAVE_STRINGS_H 1
| #define HAVE_INTTYPES_H 1
| #define HAVE_STDINT_H 1
| #define HAVE_UNISTD_H 1
| #define HAVE_DLFCN_H 1
| /* end confdefs.h.  */
| #include <ac_nonexistent.h>
configure:6582: result: g++ -E
configure:6602: g++ -E  conftest.cpp
configure:6602: $? = 0
configure:6616: g++ -E  conftest.cpp
conftest.cpp:22:28: fatal error: ac_nonexistent.h: No such file or directory
compilation terminated.
configure:6616: $? = 1
configure: failed program was:
| /* confdefs.h */
| #define PACKAGE_NAME "sqlite"
| #define PACKAGE_TARNAME "sqlite"
| #define PACKAGE_VERSION "3.7.15.2"
| #define PACKAGE_STRING "sqlite 3.7.15.2"
| #define PACKAGE_BUGREPORT "http://www.sqlite.org"
| #define PACKAGE_URL ""
| #define PACKAGE "sqlite"
| #define VERSION "3.7.15.2"
| #define STDC_HEADERS 1
| #define HAVE_SYS_TYPES_H 1
| #define HAVE_SYS_STAT_H 1
| #define HAVE_STDLIB_H 1
| #define HAVE_STRING_H 1
| #define HAVE_MEMORY_H 1
| #define HAVE_STRINGS_H 1
| #define HAVE_INTTYPES_H 1
| #define HAVE_STDINT_H 1
| #define HAVE_UNISTD_H 1
| #define HAVE_DLFCN_H 1
| /* end confdefs.h.  */
| #include <ac_nonexistent.h>
configure:6700: checking for g77
configure:6716: found /usr/bin/g77
configure:6727: result: g77
configure:6753: checking for Fortran 77 compiler version
configure:6762: g77 --version >&5
GNU Fortran (GCC) 3.4.4 (cygming special, gdc 0.12, using dmd 0.125)
Copyright (C) 2004 Free Software Foundation, Inc.

GNU Fortran comes with NO WARRANTY, to the extent permitted by law.
You may redistribute copies of GNU Fortran
under the terms of the GNU General Public License.
For more information about these matters, see the file named COPYING
or type the command `info -f g77 Copying'.
configure:6773: $? = 0
configure:6762: g77 -v >&5
Reading specs from /usr/lib/gcc/i686-pc-cygwin/3.4.4/specs
Configured with: /managed/gcc-build/final-v3-bootstrap/gcc-3.4.4-999/configure --verbose --program-suffix=-3 --prefix=/usr --exec-prefix=/usr --sysconfdir=/etc --libdir=/usr/lib --libexecdir=/usr/lib --mandir=/usr/share/man --infodir=/usr/share/info --enable-languages=c,ada,c++,d,f77,pascal,java,objc --enable-nls --without-included-gettext --enable-version-specific-runtime-libs --without-x --enable-libgcj --disable-java-awt --with-system-zlib --enable-interpreter --disable-libgcj-debug --enable-threads=posix --enable-java-gc=boehm --disable-win32-registry --enable-sjlj-exceptions --enable-hash-synchronization --enable-libstdcxx-debug
Thread model: posix
gcc version 3.4.4 (cygming special, gdc 0.12, using dmd 0.125)
configure:6773: $? = 0
configure:6762: g77 -V >&5
g77: `-V' option must have argument
configure:6773: $? = 1
configure:6762: g77 -qversion >&5
g77: unrecognized option `-qversion'
g77: no input files
configure:6773: $? = 1
configure:6782: checking whether we are using the GNU Fortran 77 compiler
configure:6795: g77 -c  conftest.F >&5
configure:6795: $? = 0
configure:6804: result: yes
configure:6810: checking whether g77 accepts -g
configure:6821: g77 -c -g conftest.f >&5
configure:6821: $? = 0
configure:6829: result: yes
configure:6863: checking the maximum length of command line arguments
configure:6972: result: 8192
configure:6983: checking command to parse /usr/bin/nm -B output from gcc object
configure:7088: gcc -c -g -O2  conftest.c >&5
configure:7091: $? = 0
configure:7095: /usr/bin/nm -B conftest.o \| sed -n -e 's/^.*[ 	]\([ABCDGIRSTW][ABCDGIRSTW]*\)[ 	][ 	]*\([_A-Za-z][_A-Za-z0-9]*\)$/\1 \2 \2/p' \> conftest.nm
configure:7098: $? = 0
cannot find nm_test_var in conftest.nm
configure:7088: gcc -c -g -O2  conftest.c >&5
configure:7091: $? = 0
configure:7095: /usr/bin/nm -B conftest.o \| sed -n -e 's/^.*[ 	]\([ABCDGIRSTW][ABCDGIRSTW]*\)[ 	][ 	]*_\([_A-Za-z][_A-Za-z0-9]*\)$/\1 _\2 \2/p' \> conftest.nm
configure:7098: $? = 0
configure:7150: gcc -o conftest.exe -g -O2   conftest.c conftstm.o >&5
configure:7153: $? = 0
configure:7191: result: ok
configure:7195: checking for objdir
configure:7210: result: .libs
configure:7302: checking for ar
configure:7318: found /usr/bin/ar
configure:7329: result: ar
configure:7394: checking for ranlib
configure:7421: result: ranlib
configure:7486: checking for strip
configure:7502: found /usr/bin/strip
configure:7513: result: strip
configure:7795: checking if gcc supports -fno-rtti -fno-exceptions
configure:7813: gcc -c -g -O2  -fno-rtti -fno-exceptions conftest.c >&5
cc1: warning: command line option "-fno-rtti" is valid for C++/ObjC++ but not for C
configure:7817: $? = 0
configure:7830: result: no
configure:7845: checking for gcc option to produce PIC
configure:8055: result: 
configure:8126: checking if gcc static flag -static works
configure:8154: result: yes
configure:8164: checking if gcc supports -c -o file.o
configure:8185: gcc -c -g -O2  -o out/conftest2.o conftest.c >&5
configure:8189: $? = 0
configure:8211: result: yes
configure:8237: checking whether the gcc linker (/usr/i686-pc-cygwin/bin/ld.exe) supports shared libraries
configure:9137: result: yes
configure:9158: checking whether -lc should be explicitly linked in
configure:9163: gcc -c -g -O2  conftest.c >&5
configure:9166: $? = 0
configure:9181: gcc -shared conftest.o  -v -o ./conftest -Wl,--enable-auto-image-base -Xlinker --out-implib -Xlinker conftest 2\>\&1 \| grep  -lc  \>/dev/null 2\>\&1
configure:9184: $? = 1
configure:9196: result: yes
configure:9204: checking dynamic linker characteristics
configure:9792: result: Win32 ld.exe
configure:9801: checking how to hardcode library paths into programs
configure:9826: result: immediate
configure:9840: checking whether stripping libraries is possible
configure:9845: result: yes
configure:10361: checking if libtool supports shared libraries
configure:10363: result: yes
configure:10366: checking whether to build shared libraries
configure:10387: result: yes
configure:10390: checking whether to build static libraries
configure:10394: result: yes
configure:10486: creating libtool
configure:11070: checking for ld used by g++
configure:11137: result: /usr/i686-pc-cygwin/bin/ld.exe
configure:11144: checking if the linker (/usr/i686-pc-cygwin/bin/ld.exe) is GNU ld
configure:11159: result: yes
configure:11210: checking whether the g++ linker (/usr/i686-pc-cygwin/bin/ld.exe) supports shared libraries
configure:12090: result: yes
configure:12108: g++ -c -g -O2  conftest.cpp >&5
configure:12111: $? = 0
configure:12230: checking for g++ option to produce PIC
configure:12504: result: 
configure:12575: checking if g++ static flag -static works
configure:12603: result: yes
configure:12613: checking if g++ supports -c -o file.o
configure:12634: g++ -c -g -O2  -o out/conftest2.o conftest.cpp >&5
configure:12638: $? = 0
configure:12660: result: yes
configure:12686: checking whether the g++ linker (/usr/i686-pc-cygwin/bin/ld.exe) supports shared libraries
configure:12711: result: yes
configure:12778: checking dynamic linker characteristics
configure:13366: result: Win32 ld.exe
configure:13375: checking how to hardcode library paths into programs
configure:13400: result: immediate
configure:13926: checking if libtool supports shared libraries
configure:13928: result: yes
configure:13931: checking whether to build shared libraries
configure:13951: result: yes
configure:13954: checking whether to build static libraries
configure:13958: result: yes
configure:13968: checking for g77 option to produce PIC
configure:14178: result: 
configure:14249: checking if g77 static flag -static works
configure:14277: result: yes
configure:14287: checking if g77 supports -c -o file.o
configure:14308: g77 -c -g -O2 -o out/conftest2.o conftest.f >&5
configure:14312: $? = 0
configure:14334: result: yes
configure:14360: checking whether the g77 linker (/usr/i686-pc-cygwin/bin/ld.exe) supports shared libraries
configure:15248: result: yes
configure:15315: checking dynamic linker characteristics
configure:15903: result: Win32 ld.exe
configure:15912: checking how to hardcode library paths into programs
configure:15937: result: immediate
configure:19436: checking for a thread-safe mkdir -p
configure:19475: result: /usr/bin/mkdir -p
configure:19483: checking for fdatasync
configure:19483: gcc -o conftest.exe -g -O2   conftest.c  >&5
configure:19483: $? = 0
configure:19483: result: yes
configure:19483: checking for usleep
configure:19483: gcc -o conftest.exe -g -O2   conftest.c  >&5
configure:19483: $? = 0
configure:19483: result: yes
configure:19483: checking for fullfsync
configure:19483: gcc -o conftest.exe -g -O2   conftest.c  >&5
/tmp/ccaPiCYK.o: In function `main':
/cygdrive/c/sqlite/SQLite_Arduino/sqlite/conftest.c:58: undefined reference to `_fullfsync'
collect2: ld returned 1 exit status
configure:19483: $? = 1
configure: failed program was:
| /* confdefs.h */
| #define PACKAGE_NAME "sqlite"
| #define PACKAGE_TARNAME "sqlite"
| #define PACKAGE_VERSION "3.7.15.2"
| #define PACKAGE_STRING "sqlite 3.7.15.2"
| #define PACKAGE_BUGREPORT "http://www.sqlite.org"
| #define PACKAGE_URL ""
| #define PACKAGE "sqlite"
| #define VERSION "3.7.15.2"
| #define STDC_HEADERS 1
| #define HAVE_SYS_TYPES_H 1
| #define HAVE_SYS_STAT_H 1
| #define HAVE_STDLIB_H 1
| #define HAVE_STRING_H 1
| #define HAVE_MEMORY_H 1
| #define HAVE_STRINGS_H 1
| #define HAVE_INTTYPES_H 1
| #define HAVE_STDINT_H 1
| #define HAVE_UNISTD_H 1
| #define HAVE_DLFCN_H 1
| #define HAVE_FDATASYNC 1
| #define HAVE_USLEEP 1
| /* end confdefs.h.  */
| /* Define fullfsync to an innocuous variant, in case <limits.h> declares fullfsync.
|    For example, HP-UX 11i <limits.h> declares gettimeofday.  */
| #define fullfsync innocuous_fullfsync
| 
| /* System header to define __stub macros and hopefully few prototypes,
|     which can conflict with char fullfsync (); below.
|     Prefer <limits.h> to <assert.h> if __STDC__ is defined, since
|     <limits.h> exists even on freestanding compilers.  */
| 
| #ifdef __STDC__
| # include <limits.h>
| #else
| # include <assert.h>
| #endif
| 
| #undef fullfsync
| 
| /* Override any GCC internal prototype to avoid an error.
|    Use char because int might match the return type of a GCC
|    builtin and then its argument prototype would still apply.  */
| #ifdef __cplusplus
| extern "C"
| #endif
| char fullfsync ();
| /* The GNU C library defines this for functions which it implements
|     to always fail with ENOSYS.  Some functions are actually named
|     something starting with __ and the normal name is an alias.  */
| #if defined __stub_fullfsync || defined __stub___fullfsync
| choke me
| #endif
| 
| int
| main ()
| {
| return fullfsync ();
|   ;
|   return 0;
| }
configure:19483: result: no
configure:19483: checking for localtime_r
configure:19483: gcc -o conftest.exe -g -O2   conftest.c  >&5
configure:19483: $? = 0
configure:19483: result: yes
configure:19483: checking for gmtime_r
configure:19483: gcc -o conftest.exe -g -O2   conftest.c  >&5
configure:19483: $? = 0
configure:19483: result: yes
configure:19492: checking whether strerror_r is declared
configure:19492: gcc -c -g -O2  conftest.c >&5
configure:19492: $? = 0
configure:19492: result: yes
configure:19505: checking for strerror_r
configure:19505: gcc -o conftest.exe -g -O2   conftest.c  >&5
configure:19505: $? = 0
configure:19505: result: yes
configure:19514: checking whether strerror_r returns char *
configure:19538: gcc -c -g -O2  conftest.c >&5
conftest.c: In function 'main':
conftest.c:66:13: error: invalid type argument of unary '*' (have 'int')
conftest.c:67:14: warning: initialization makes pointer from integer without a cast
configure:19538: $? = 1
configure: failed program was:
| /* confdefs.h */
| #define PACKAGE_NAME "sqlite"
| #define PACKAGE_TARNAME "sqlite"
| #define PACKAGE_VERSION "3.7.15.2"
| #define PACKAGE_STRING "sqlite 3.7.15.2"
| #define PACKAGE_BUGREPORT "http://www.sqlite.org"
| #define PACKAGE_URL ""
| #define PACKAGE "sqlite"
| #define VERSION "3.7.15.2"
| #define STDC_HEADERS 1
| #define HAVE_SYS_TYPES_H 1
| #define HAVE_SYS_STAT_H 1
| #define HAVE_STDLIB_H 1
| #define HAVE_STRING_H 1
| #define HAVE_MEMORY_H 1
| #define HAVE_STRINGS_H 1
| #define HAVE_INTTYPES_H 1
| #define HAVE_STDINT_H 1
| #define HAVE_UNISTD_H 1
| #define HAVE_DLFCN_H 1
| #define HAVE_FDATASYNC 1
| #define HAVE_USLEEP 1
| #define HAVE_LOCALTIME_R 1
| #define HAVE_GMTIME_R 1
| #define HAVE_DECL_STRERROR_R 1
| #define HAVE_STRERROR_R 1
| /* end confdefs.h.  */
| #include <stdio.h>
| #ifdef HAVE_SYS_TYPES_H
| # include <sys/types.h>
| #endif
| #ifdef HAVE_SYS_STAT_H
| # include <sys/stat.h>
| #endif
| #ifdef STDC_HEADERS
| # include <stdlib.h>
| # include <stddef.h>
| #else
| # ifdef HAVE_STDLIB_H
| #  include <stdlib.h>
| # endif
| #endif
| #ifdef HAVE_STRING_H
| # if !defined STDC_HEADERS && defined HAVE_MEMORY_H
| #  include <memory.h>
| # endif
| # include <string.h>
| #endif
| #ifdef HAVE_STRINGS_H
| # include <strings.h>
| #endif
| #ifdef HAVE_INTTYPES_H
| # include <inttypes.h>
| #endif
| #ifdef HAVE_STDINT_H
| # include <stdint.h>
| #endif
| #ifdef HAVE_UNISTD_H
| # include <unistd.h>
| #endif
| int
| main ()
| {
| 
| 	  char buf[100];
| 	  char x = *strerror_r (0, buf, sizeof buf);
| 	  char *p = strerror_r (0, buf, sizeof buf);
| 	  return !p || x;
| 
|   ;
|   return 0;
| }
configure:19576: result: no
configure:19602: checking for library containing tgetent
configure:19633: gcc -o conftest.exe -g -O2   conftest.c  >&5
/tmp/ccKIUAR4.o: In function `main':
/cygdrive/c/sqlite/SQLite_Arduino/sqlite/conftest.c:39: undefined reference to `_tgetent'
collect2: ld returned 1 exit status
configure:19633: $? = 1
configure: failed program was:
| /* confdefs.h */
| #define PACKAGE_NAME "sqlite"
| #define PACKAGE_TARNAME "sqlite"
| #define PACKAGE_VERSION "3.7.15.2"
| #define PACKAGE_STRING "sqlite 3.7.15.2"
| #define PACKAGE_BUGREPORT "http://www.sqlite.org"
| #define PACKAGE_URL ""
| #define PACKAGE "sqlite"
| #define VERSION "3.7.15.2"
| #define STDC_HEADERS 1
| #define HAVE_SYS_TYPES_H 1
| #define HAVE_SYS_STAT_H 1
| #define HAVE_STDLIB_H 1
| #define HAVE_STRING_H 1
| #define HAVE_MEMORY_H 1
| #define HAVE_STRINGS_H 1
| #define HAVE_INTTYPES_H 1
| #define HAVE_STDINT_H 1
| #define HAVE_UNISTD_H 1
| #define HAVE_DLFCN_H 1
| #define HAVE_FDATASYNC 1
| #define HAVE_USLEEP 1
| #define HAVE_LOCALTIME_R 1
| #define HAVE_GMTIME_R 1
| #define HAVE_DECL_STRERROR_R 1
| #define HAVE_STRERROR_R 1
| /* end confdefs.h.  */
| 
| /* Override any GCC internal prototype to avoid an error.
|    Use char because int might match the return type of a GCC
|    builtin and then its argument prototype would still apply.  */
| #ifdef __cplusplus
| extern "C"
| #endif
| char tgetent ();
| int
| main ()
| {
| return tgetent ();
|   ;
|   return 0;
| }
configure:19633: gcc -o conftest.exe -g -O2   conftest.c -lcurses   >&5
configure:19633: $? = 0
configure:19650: result: -lcurses
configure:19658: checking for library containing readline
configure:19689: gcc -o conftest.exe -g -O2   conftest.c -lcurses  >&5
/usr/lib/gcc/i686-pc-cygwin/4.5.3/../../../../i686-pc-cygwin/bin/ld: reopening conftest.exe: Device or resource busy

/usr/lib/gcc/i686-pc-cygwin/4.5.3/../../../../i686-pc-cygwin/bin/ld: final link failed: Device or resource busy
collect2: ld returned 1 exit status
configure:19689: $? = 1
configure: failed program was:
| /* confdefs.h */
| #define PACKAGE_NAME "sqlite"
| #define PACKAGE_TARNAME "sqlite"
| #define PACKAGE_VERSION "3.7.15.2"
| #define PACKAGE_STRING "sqlite 3.7.15.2"
| #define PACKAGE_BUGREPORT "http://www.sqlite.org"
| #define PACKAGE_URL ""
| #define PACKAGE "sqlite"
| #define VERSION "3.7.15.2"
| #define STDC_HEADERS 1
| #define HAVE_SYS_TYPES_H 1
| #define HAVE_SYS_STAT_H 1
| #define HAVE_STDLIB_H 1
| #define HAVE_STRING_H 1
| #define HAVE_MEMORY_H 1
| #define HAVE_STRINGS_H 1
| #define HAVE_INTTYPES_H 1
| #define HAVE_STDINT_H 1
| #define HAVE_UNISTD_H 1
| #define HAVE_DLFCN_H 1
| #define HAVE_FDATASYNC 1
| #define HAVE_USLEEP 1
| #define HAVE_LOCALTIME_R 1
| #define HAVE_GMTIME_R 1
| #define HAVE_DECL_STRERROR_R 1
| #define HAVE_STRERROR_R 1
| /* end confdefs.h.  */
| 
| /* Override any GCC internal prototype to avoid an error.
|    Use char because int might match the return type of a GCC
|    builtin and then its argument prototype would still apply.  */
| #ifdef __cplusplus
| extern "C"
| #endif
| char readline ();
| int
| main ()
| {
| return readline ();
|   ;
|   return 0;
| }
configure:19689: gcc -o conftest.exe -g -O2   conftest.c -lreadline  -lcurses  >&5
configure:19689: $? = 0
configure:19706: result: -lreadline
configure:19718: checking for readline
configure:19718: gcc -o conftest.exe -g -O2   conftest.c -lreadline -lcurses  >&5
configure:19718: $? = 0
configure:19718: result: yes
configure:19746: checking for library containing pthread_create
configure:19777: gcc -o conftest.exe -g -O2   conftest.c  >&5
configure:19777: $? = 0
configure:19794: result: none required
configure:19817: checking for library containing dlopen
configure:19848: gcc -o conftest.exe -g -O2   conftest.c  >&5
configure:19848: $? = 0
configure:19865: result: none required
configure:19876: checking for whether to support dynamic extensions
configure:19878: result: yes
configure:19885: checking for posix_fallocate
configure:19885: gcc -o conftest.exe -g -O2   conftest.c  >&5
configure:19885: $? = 0
configure:19885: result: yes
configure:20086: creating ./config.status

## ---------------------- ##
## Running config.status. ##
## ---------------------- ##

This file was extended by sqlite config.status 3.7.15.2, which was
generated by GNU Autoconf 2.68.  Invocation command line was

  CONFIG_FILES    = 
  CONFIG_HEADERS  = 
  CONFIG_LINKS    = 
  CONFIG_COMMANDS = 
  $ ./config.status 

on Esperancita-PC

config.status:810: creating Makefile
config.status:810: creating sqlite3.pc
config.status:982: executing depfiles commands

## ---------------- ##
## Cache variables. ##
## ---------------- ##

ac_cv_build=i686-pc-cygwin
ac_cv_c_compiler_gnu=yes
ac_cv_cxx_compiler_gnu=yes
ac_cv_env_CCC_set=
ac_cv_env_CCC_value=
ac_cv_env_CC_set=
ac_cv_env_CC_value=
ac_cv_env_CFLAGS_set=
ac_cv_env_CFLAGS_value=
ac_cv_env_CPPFLAGS_set=
ac_cv_env_CPPFLAGS_value=
ac_cv_env_CPP_set=
ac_cv_env_CPP_value=
ac_cv_env_CXXCPP_set=
ac_cv_env_CXXCPP_value=
ac_cv_env_CXXFLAGS_set=
ac_cv_env_CXXFLAGS_value=
ac_cv_env_CXX_set=
ac_cv_env_CXX_value=
ac_cv_env_F77_set=
ac_cv_env_F77_value=
ac_cv_env_FFLAGS_set=
ac_cv_env_FFLAGS_value=
ac_cv_env_LDFLAGS_set=
ac_cv_env_LDFLAGS_value=
ac_cv_env_LIBS_set=
ac_cv_env_LIBS_value=
ac_cv_env_build_alias_set=
ac_cv_env_build_alias_value=
ac_cv_env_host_alias_set=
ac_cv_env_host_alias_value=
ac_cv_env_target_alias_set=
ac_cv_env_target_alias_value=
ac_cv_exeext=.exe
ac_cv_f77_compiler_gnu=yes
ac_cv_func_fdatasync=yes
ac_cv_func_fullfsync=no
ac_cv_func_gmtime_r=yes
ac_cv_func_localtime_r=yes
ac_cv_func_posix_fallocate=yes
ac_cv_func_readline=yes
ac_cv_func_strerror_r=yes
ac_cv_func_strerror_r_char_p=no
ac_cv_func_usleep=yes
ac_cv_have_decl_strerror_r=yes
ac_cv_header_dlfcn_h=yes
ac_cv_header_inttypes_h=yes
ac_cv_header_memory_h=yes
ac_cv_header_stdc=yes
ac_cv_header_stdint_h=yes
ac_cv_header_stdlib_h=yes
ac_cv_header_string_h=yes
ac_cv_header_strings_h=yes
ac_cv_header_sys_stat_h=yes
ac_cv_header_sys_types_h=yes
ac_cv_header_unistd_h=yes
ac_cv_host=i686-pc-cygwin
ac_cv_objext=o
ac_cv_path_EGREP='/usr/bin/grep -E'
ac_cv_path_GREP=/usr/bin/grep
ac_cv_path_install='/usr/bin/install -c'
ac_cv_path_mkdir=/usr/bin/mkdir
ac_cv_prog_AWK=gawk
ac_cv_prog_CPP='gcc -E'
ac_cv_prog_CXXCPP='g++ -E'
ac_cv_prog_ac_ct_AR=ar
ac_cv_prog_ac_ct_CC=gcc
ac_cv_prog_ac_ct_CXX=g++
ac_cv_prog_ac_ct_F77=g77
ac_cv_prog_ac_ct_RANLIB=ranlib
ac_cv_prog_ac_ct_STRIP=strip
ac_cv_prog_cc_c89=
ac_cv_prog_cc_g=yes
ac_cv_prog_cxx_g=yes
ac_cv_prog_f77_g=yes
ac_cv_prog_make_make_set=yes
ac_cv_search_dlopen='none required'
ac_cv_search_pthread_create='none required'
ac_cv_search_readline=-lreadline
ac_cv_search_tgetent=-lcurses
ac_cv_sys_file_offset_bits=no
ac_cv_sys_largefile_CC=no
am_cv_CC_dependencies_compiler_type=gcc3
am_cv_CXX_dependencies_compiler_type=gcc3
lt_cv_deplibs_check_method='file_magic ^x86 archive import|^x86 DLL'
lt_cv_file_magic_cmd=func_win32_libid
lt_cv_file_magic_test_file=
lt_cv_ld_reload_flag=-r
lt_cv_objdir=.libs
lt_cv_path_LD=/usr/i686-pc-cygwin/bin/ld.exe
lt_cv_path_LDCXX=/usr/i686-pc-cygwin/bin/ld.exe
lt_cv_path_NM='/usr/bin/nm -B'
lt_cv_path_SED=/usr/bin/sed
lt_cv_prog_compiler_c_o=yes
lt_cv_prog_compiler_c_o_CXX=yes
lt_cv_prog_compiler_c_o_F77=yes
lt_cv_prog_compiler_rtti_exceptions=no
lt_cv_prog_gnu_ld=yes
lt_cv_prog_gnu_ldcxx=yes
lt_cv_sys_global_symbol_pipe='sed -n -e '\''s/^.*[ 	]\([ABCDGIRSTW][ABCDGIRSTW]*\)[ 	][ 	]*_\([_A-Za-z][_A-Za-z0-9]*\)$/\1 _\2 \2/p'\'''
lt_cv_sys_global_symbol_to_c_name_address='sed -n -e '\''s/^: \([^ ]*\) $/  {\"\1\", (lt_ptr) 0},/p'\'' -e '\''s/^[BCDEGRST] \([^ ]*\) \([^ ]*\)$/  {"\2", (lt_ptr) \&\2},/p'\'''
lt_cv_sys_global_symbol_to_cdecl='sed -n -e '\''s/^. .* \(.*\)$/extern int \1;/p'\'''
lt_cv_sys_max_cmd_len=8192
lt_lt_cv_prog_compiler_c_o='"yes"'
lt_lt_cv_prog_compiler_c_o_CXX='"yes"'
lt_lt_cv_prog_compiler_c_o_F77='"yes"'
lt_lt_cv_sys_global_symbol_pipe='"sed -n -e '\''s/^.*[ 	]\\([ABCDGIRSTW][ABCDGIRSTW]*\\)[ 	][ 	]*_\\([_A-Za-z][_A-Za-z0-9]*\\)\$/\\1 _\\2 \\2/p'\''"'
lt_lt_cv_sys_global_symbol_to_c_name_address='"sed -n -e '\''s/^: \\([^ ]*\\) \$/  {\\\"\\1\\\", (lt_ptr) 0},/p'\'' -e '\''s/^[BCDEGRST] \\([^ ]*\\) \\([^ ]*\\)\$/  {\"\\2\", (lt_ptr) \\&\\2},/p'\''"'
lt_lt_cv_sys_global_symbol_to_cdecl='"sed -n -e '\''s/^. .* \\(.*\\)\$/extern int \\1;/p'\''"'

## ----------------- ##
## Output variables. ##
## ----------------- ##

ACLOCAL='${SHELL} /cygdrive/c/sqlite/SQLite_Arduino/sqlite/missing --run aclocal-1.9'
AMDEPBACKSLASH='\'
AMDEP_FALSE='#'
AMDEP_TRUE=''
AMTAR='${SHELL} /cygdrive/c/sqlite/SQLite_Arduino/sqlite/missing --run tar'
AR='ar'
AUTOCONF='${SHELL} /cygdrive/c/sqlite/SQLite_Arduino/sqlite/missing --run autoconf'
AUTOHEADER='${SHELL} /cygdrive/c/sqlite/SQLite_Arduino/sqlite/missing --run autoheader'
AUTOMAKE='${SHELL} /cygdrive/c/sqlite/SQLite_Arduino/sqlite/missing --run automake-1.9'
AWK='gawk'
BUILD_CFLAGS=''
CC='gcc'
CCDEPMODE='depmode=gcc3'
CFLAGS='-g -O2'
CPP='gcc -E'
CPPFLAGS=''
CXX='g++'
CXXCPP='g++ -E'
CXXDEPMODE='depmode=gcc3'
CXXFLAGS='-g -O2'
CYGPATH_W='cygpath -w'
DEFS='-DPACKAGE_NAME=\"sqlite\" -DPACKAGE_TARNAME=\"sqlite\" -DPACKAGE_VERSION=\"3.7.15.2\" -DPACKAGE_STRING=\"sqlite\ 3.7.15.2\" -DPACKAGE_BUGREPORT=\"http://www.sqlite.org\" -DPACKAGE_URL=\"\" -DPACKAGE=\"sqlite\" -DVERSION=\"3.7.15.2\" -DSTDC_HEADERS=1 -DHAVE_SYS_TYPES_H=1 -DHAVE_SYS_STAT_H=1 -DHAVE_STDLIB_H=1 -DHAVE_STRING_H=1 -DHAVE_MEMORY_H=1 -DHAVE_STRINGS_H=1 -DHAVE_INTTYPES_H=1 -DHAVE_STDINT_H=1 -DHAVE_UNISTD_H=1 -DHAVE_DLFCN_H=1 -DHAVE_FDATASYNC=1 -DHAVE_USLEEP=1 -DHAVE_LOCALTIME_R=1 -DHAVE_GMTIME_R=1 -DHAVE_DECL_STRERROR_R=1 -DHAVE_STRERROR_R=1 -DHAVE_READLINE=1 -DHAVE_POSIX_FALLOCATE=1'
DEPDIR='.deps'
DYNAMIC_EXTENSION_FLAGS=''
ECHO='echo'
ECHO_C=''
ECHO_N='-n'
ECHO_T=''
EGREP='/usr/bin/grep -E'
EXEEXT='.exe'
F77='g77'
FFLAGS='-g -O2'
GREP='/usr/bin/grep'
INSTALL_DATA='${INSTALL} -m 644'
INSTALL_PROGRAM='${INSTALL}'
INSTALL_SCRIPT='${INSTALL}'
INSTALL_STRIP_PROGRAM='${SHELL} $(install_sh) -c -s'
LDFLAGS=''
LIBOBJS=''
LIBS=''
LIBTOOL='$(SHELL) $(top_builddir)/libtool'
LN_S='ln -s'
LTLIBOBJS=''
MAKEINFO='${SHELL} /cygdrive/c/sqlite/SQLite_Arduino/sqlite/missing --run makeinfo'
MKDIR_P='/usr/bin/mkdir -p'
OBJEXT='o'
PACKAGE='sqlite'
PACKAGE_BUGREPORT='http://www.sqlite.org'
PACKAGE_NAME='sqlite'
PACKAGE_STRING='sqlite 3.7.15.2'
PACKAGE_TARNAME='sqlite'
PACKAGE_URL=''
PACKAGE_VERSION='3.7.15.2'
PATH_SEPARATOR=':'
RANLIB='ranlib'
READLINE_LIBS='-lreadline -lcurses '
SET_MAKE=''
SHELL='/bin/sh'
STRIP='strip'
THREADSAFE_FLAGS='-D_REENTRANT=1 -DSQLITE_THREADSAFE=1'
VERSION='3.7.15.2'
ac_ct_CC='gcc'
ac_ct_CXX='g++'
ac_ct_F77='g77'
am__fastdepCC_FALSE='#'
am__fastdepCC_TRUE=''
am__fastdepCXX_FALSE='#'
am__fastdepCXX_TRUE=''
am__include='include'
am__leading_dot='.'
am__quote=''
am__tar='${AMTAR} chof - "$$tardir"'
am__untar='${AMTAR} xf -'
bindir='${exec_prefix}/bin'
build='i686-pc-cygwin'
build_alias=''
build_cpu='i686'
build_os='cygwin'
build_vendor='pc'
datadir='${datarootdir}'
datarootdir='${prefix}/share'
docdir='${datarootdir}/doc/${PACKAGE_TARNAME}'
dvidir='${docdir}'
exec_prefix='${prefix}'
host='i686-pc-cygwin'
host_alias=''
host_cpu='i686'
host_os='cygwin'
host_vendor='pc'
htmldir='${docdir}'
includedir='${prefix}/include'
infodir='${datarootdir}/info'
install_sh='/cygdrive/c/sqlite/SQLite_Arduino/sqlite/install-sh'
libdir='${exec_prefix}/lib'
libexecdir='${exec_prefix}/libexec'
localedir='${datarootdir}/locale'
localstatedir='${prefix}/var'
mandir='${datarootdir}/man'
mkdir_p='mkdir -p --'
oldincludedir='/usr/include'
pdfdir='${docdir}'
prefix='/usr/local'
program_transform_name='s,x,x,'
psdir='${docdir}'
sbindir='${exec_prefix}/sbin'
sharedstatedir='${prefix}/com'
sysconfdir='${prefix}/etc'
target_alias=''

## ----------- ##
## confdefs.h. ##
## ----------- ##

/* confdefs.h */
#define PACKAGE_NAME "sqlite"
#define PACKAGE_TARNAME "sqlite"
#define PACKAGE_VERSION "3.7.15.2"
#define PACKAGE_STRING "sqlite 3.7.15.2"
#define PACKAGE_BUGREPORT "http://www.sqlite.org"
#define PACKAGE_URL ""
#define PACKAGE "sqlite"
#define VERSION "3.7.15.2"
#define STDC_HEADERS 1
#define HAVE_SYS_TYPES_H 1
#define HAVE_SYS_STAT_H 1
#define HAVE_STDLIB_H 1
#define HAVE_STRING_H 1
#define HAVE_MEMORY_H 1
#define HAVE_STRINGS_H 1
#define HAVE_INTTYPES_H 1
#define HAVE_STDINT_H 1
#define HAVE_UNISTD_H 1
#define HAVE_DLFCN_H 1
#define HAVE_FDATASYNC 1
#define HAVE_USLEEP 1
#define HAVE_LOCALTIME_R 1
#define HAVE_GMTIME_R 1
#define HAVE_DECL_STRERROR_R 1
#define HAVE_STRERROR_R 1
#define HAVE_READLINE 1
#define HAVE_POSIX_FALLOCATE 1

configure: exit 0
